<?xml version="1.0" encoding="UTF-8"?>
<!-- Generated by org.testng.reporters.JUnitXMLReporter -->
<testsuite hostname="Mds-MacBook-Pro.home" ignored="0" name="Selenium_Advanced_Code" tests="3" failures="0" timestamp="16 Jun 2020 19:31:47 GMT" time="27.639" errors="0">
  <testcase name="logIntest" time="10.836" classname="testUnit.SmokeTest"/>
  <testcase name="logIntest01" time="3.759" classname="testUnit.SmokeTest"/>
  <testcase name="logIntest02" time="7.6" classname="testUnit.SmokeTest"/>
</testsuite> <!-- Selenium_Advanced_Code -->
