<?xml version="1.0" encoding="UTF-8"?>
<!-- Generated by org.testng.reporters.JUnitXMLReporter -->
<testsuite hostname="Mds-MacBook-Pro.home" ignored="1" name="Default test" tests="3" failures="0" timestamp="27 Jun 2020 00:46:22 GMT" time="28.662" errors="0">
  <testcase name="mySitewebEle" time="0.864" classname="letsCodeIt.Practice.UiClients_SmokeTest"/>
  <testcase name="solution_staleElementRefarenceExcep" time="10.464" classname="letsCodeIt.Practice.UiClients_SmokeTest"/>
  <testcase name="workWithListOfWebelement" time="11.591" classname="letsCodeIt.Practice.UiClients_SmokeTest"/>
  <testcase name="problem_staleElementRefarenceExcep" time="0.0" classname="letsCodeIt.Practice.UiClients_SmokeTest">
    <ignored/>
  </testcase> <!-- problem_staleElementRefarenceExcep -->
</testsuite> <!-- Default test -->
