<?xml version="1.0" encoding="UTF-8"?>
<testng-results skipped="0" failed="2" ignored="4" total="17" passed="11">
  <reporter-output>
  </reporter-output>
  <suite name="FullstackFramework" duration-ms="81341" started-at="2020-06-17T05:46:31Z" finished-at="2020-06-17T05:47:52Z">
    <groups>
    </groups>
    <test name="Selenium_Advanced_Code" duration-ms="81341" started-at="2020-06-17T05:46:31Z" finished-at="2020-06-17T05:47:52Z">
      <class name="testUnit.LogInTest">
        <test-method status="PASS" signature="setUp()[pri:0, instance:testUnit.LogInTest@6276ae34]" name="setUp" is-config="true" duration-ms="1749" started-at="2020-06-17T05:46:31Z" finished-at="2020-06-17T05:46:32Z">
          <reporter-output>
          </reporter-output>
        </test-method> <!-- setUp -->
        <test-method status="PASS" signature="getWebSite()[pri:0, instance:testUnit.LogInTest@6276ae34]" name="getWebSite" is-config="true" duration-ms="1" started-at="2020-06-17T05:46:33Z" finished-at="2020-06-17T05:46:33Z">
          <reporter-output>
          </reporter-output>
        </test-method> <!-- getWebSite -->
        <test-method status="PASS" signature="logIntest_In_toKohls(java.lang.Object, java.lang.Object)[pri:0, instance:testUnit.LogInTest@6276ae34]" name="logIntest_In_toKohls" duration-ms="8540" started-at="2020-06-17T05:46:33Z" data-provider="login" finished-at="2020-06-17T05:46:41Z">
          <params>
            <param index="0">
              <value>
                <![CDATA[mollamd715@gmail.com]]>
              </value>
            </param>
            <param index="1">
              <value>
                <![CDATA[Ruhulamin64]]>
              </value>
            </param>
          </params>
          <reporter-output>
          </reporter-output>
        </test-method> <!-- logIntest_In_toKohls -->
        <test-method status="PASS" signature="tearDown(org.testng.ITestResult)[pri:0, instance:testUnit.LogInTest@6276ae34]" name="tearDown" is-config="true" duration-ms="4" started-at="2020-06-17T05:46:41Z" finished-at="2020-06-17T05:46:41Z">
          <params>
            <param index="0">
              <value>
                <![CDATA[[TestResult name=logIntest_In_toKohls status=SUCCESS method=LogInTest.logIntest_In_toKohls(java.lang.Object, java.lang.Object)[pri:0, instance:testUnit.LogInTest@6276ae34] output={null}]]]>
              </value>
            </param>
          </params>
          <reporter-output>
          </reporter-output>
        </test-method> <!-- tearDown -->
        <test-method status="PASS" signature="logIntest_In_toKohls(java.lang.Object, java.lang.Object)[pri:0, instance:testUnit.LogInTest@6276ae34]" name="logIntest_In_toKohls" duration-ms="3094" started-at="2020-06-17T05:46:41Z" data-provider="login" finished-at="2020-06-17T05:46:45Z">
          <params>
            <param index="0">
              <value>
                <![CDATA[mollamd715@gmail.com]]>
              </value>
            </param>
            <param index="1">
              <value>
                <![CDATA[Ruhulamin64]]>
              </value>
            </param>
          </params>
          <reporter-output>
          </reporter-output>
        </test-method> <!-- logIntest_In_toKohls -->
        <test-method status="PASS" signature="getWebSite()[pri:0, instance:testUnit.LogInTest@6276ae34]" name="getWebSite" is-config="true" duration-ms="0" started-at="2020-06-17T05:46:41Z" finished-at="2020-06-17T05:46:41Z">
          <reporter-output>
          </reporter-output>
        </test-method> <!-- getWebSite -->
        <test-method status="PASS" signature="tearDown(org.testng.ITestResult)[pri:0, instance:testUnit.LogInTest@6276ae34]" name="tearDown" is-config="true" duration-ms="2" started-at="2020-06-17T05:46:45Z" finished-at="2020-06-17T05:46:45Z">
          <params>
            <param index="0">
              <value>
                <![CDATA[[TestResult name=logIntest_In_toKohls status=SUCCESS method=LogInTest.logIntest_In_toKohls(java.lang.Object, java.lang.Object)[pri:0, instance:testUnit.LogInTest@6276ae34] output={null}]]]>
              </value>
            </param>
          </params>
          <reporter-output>
          </reporter-output>
        </test-method> <!-- tearDown -->
        <test-method status="PASS" signature="getWebSite()[pri:0, instance:testUnit.LogInTest@6276ae34]" name="getWebSite" is-config="true" duration-ms="0" started-at="2020-06-17T05:46:45Z" finished-at="2020-06-17T05:46:45Z">
          <reporter-output>
          </reporter-output>
        </test-method> <!-- getWebSite -->
        <test-method status="PASS" signature="logIntest_In_toKohls(java.lang.Object, java.lang.Object)[pri:0, instance:testUnit.LogInTest@6276ae34]" name="logIntest_In_toKohls" duration-ms="2422" started-at="2020-06-17T05:46:45Z" data-provider="login" finished-at="2020-06-17T05:46:47Z">
          <params>
            <param index="0">
              <value>
                <![CDATA[mollamd715@gmail.com]]>
              </value>
            </param>
            <param index="1">
              <value>
                <![CDATA[Ruhulamin64]]>
              </value>
            </param>
          </params>
          <reporter-output>
          </reporter-output>
        </test-method> <!-- logIntest_In_toKohls -->
        <test-method status="PASS" signature="tearDown(org.testng.ITestResult)[pri:0, instance:testUnit.LogInTest@6276ae34]" name="tearDown" is-config="true" duration-ms="1" started-at="2020-06-17T05:46:47Z" finished-at="2020-06-17T05:46:47Z">
          <params>
            <param index="0">
              <value>
                <![CDATA[[TestResult name=logIntest_In_toKohls status=SUCCESS method=LogInTest.logIntest_In_toKohls(java.lang.Object, java.lang.Object)[pri:0, instance:testUnit.LogInTest@6276ae34] output={null}]]]>
              </value>
            </param>
          </params>
          <reporter-output>
          </reporter-output>
        </test-method> <!-- tearDown -->
        <test-method status="PASS" signature="getWebSite()[pri:0, instance:testUnit.LogInTest@6276ae34]" name="getWebSite" is-config="true" duration-ms="0" started-at="2020-06-17T05:46:47Z" finished-at="2020-06-17T05:46:47Z">
          <reporter-output>
          </reporter-output>
        </test-method> <!-- getWebSite -->
        <test-method status="PASS" signature="logIntest_In_toKohls(java.lang.Object, java.lang.Object)[pri:0, instance:testUnit.LogInTest@6276ae34]" name="logIntest_In_toKohls" duration-ms="3001" started-at="2020-06-17T05:46:47Z" data-provider="login" finished-at="2020-06-17T05:46:50Z">
          <params>
            <param index="0">
              <value>
                <![CDATA[mollamd715@gmail.com]]>
              </value>
            </param>
            <param index="1">
              <value>
                <![CDATA[Ruhulamin64]]>
              </value>
            </param>
          </params>
          <reporter-output>
          </reporter-output>
        </test-method> <!-- logIntest_In_toKohls -->
        <test-method status="PASS" signature="tearDown(org.testng.ITestResult)[pri:0, instance:testUnit.LogInTest@6276ae34]" name="tearDown" is-config="true" duration-ms="1" started-at="2020-06-17T05:46:50Z" finished-at="2020-06-17T05:46:50Z">
          <params>
            <param index="0">
              <value>
                <![CDATA[[TestResult name=logIntest_In_toKohls status=SUCCESS method=LogInTest.logIntest_In_toKohls(java.lang.Object, java.lang.Object)[pri:0, instance:testUnit.LogInTest@6276ae34] output={null}]]]>
              </value>
            </param>
          </params>
          <reporter-output>
          </reporter-output>
        </test-method> <!-- tearDown -->
        <test-method status="PASS" signature="getWebSite()[pri:0, instance:testUnit.LogInTest@6276ae34]" name="getWebSite" is-config="true" duration-ms="2" started-at="2020-06-17T05:46:50Z" finished-at="2020-06-17T05:46:50Z">
          <reporter-output>
          </reporter-output>
        </test-method> <!-- getWebSite -->
        <test-method status="PASS" signature="logIntest_In_toKohls(java.lang.Object, java.lang.Object)[pri:0, instance:testUnit.LogInTest@6276ae34]" name="logIntest_In_toKohls" duration-ms="2571" started-at="2020-06-17T05:46:50Z" data-provider="login" finished-at="2020-06-17T05:46:53Z">
          <params>
            <param index="0">
              <value>
                <![CDATA[mollamd715@gmail.com]]>
              </value>
            </param>
            <param index="1">
              <value>
                <![CDATA[Ruhulamin64]]>
              </value>
            </param>
          </params>
          <reporter-output>
          </reporter-output>
        </test-method> <!-- logIntest_In_toKohls -->
        <test-method status="PASS" signature="tearDown(org.testng.ITestResult)[pri:0, instance:testUnit.LogInTest@6276ae34]" name="tearDown" is-config="true" duration-ms="1" started-at="2020-06-17T05:46:53Z" finished-at="2020-06-17T05:46:53Z">
          <params>
            <param index="0">
              <value>
                <![CDATA[[TestResult name=logIntest_In_toKohls status=SUCCESS method=LogInTest.logIntest_In_toKohls(java.lang.Object, java.lang.Object)[pri:0, instance:testUnit.LogInTest@6276ae34] output={null}]]]>
              </value>
            </param>
          </params>
          <reporter-output>
          </reporter-output>
        </test-method> <!-- tearDown -->
        <test-method status="PASS" signature="logIntest_In_toKohls(java.lang.Object, java.lang.Object)[pri:0, instance:testUnit.LogInTest@6276ae34]" name="logIntest_In_toKohls" duration-ms="2868" started-at="2020-06-17T05:46:53Z" data-provider="login" finished-at="2020-06-17T05:46:55Z">
          <params>
            <param index="0">
              <value>
                <![CDATA[mollamd715@gmail.com]]>
              </value>
            </param>
            <param index="1">
              <value>
                <![CDATA[Ruhulamin64]]>
              </value>
            </param>
          </params>
          <reporter-output>
          </reporter-output>
        </test-method> <!-- logIntest_In_toKohls -->
        <test-method status="PASS" signature="getWebSite()[pri:0, instance:testUnit.LogInTest@6276ae34]" name="getWebSite" is-config="true" duration-ms="0" started-at="2020-06-17T05:46:53Z" finished-at="2020-06-17T05:46:53Z">
          <reporter-output>
          </reporter-output>
        </test-method> <!-- getWebSite -->
        <test-method status="PASS" signature="tearDown(org.testng.ITestResult)[pri:0, instance:testUnit.LogInTest@6276ae34]" name="tearDown" is-config="true" duration-ms="1" started-at="2020-06-17T05:46:55Z" finished-at="2020-06-17T05:46:55Z">
          <params>
            <param index="0">
              <value>
                <![CDATA[[TestResult name=logIntest_In_toKohls status=SUCCESS method=LogInTest.logIntest_In_toKohls(java.lang.Object, java.lang.Object)[pri:0, instance:testUnit.LogInTest@6276ae34] output={null}]]]>
              </value>
            </param>
          </params>
          <reporter-output>
          </reporter-output>
        </test-method> <!-- tearDown -->
        <test-method status="PASS" signature="getWebSite()[pri:0, instance:testUnit.LogInTest@6276ae34]" name="getWebSite" is-config="true" duration-ms="0" started-at="2020-06-17T05:46:55Z" finished-at="2020-06-17T05:46:55Z">
          <reporter-output>
          </reporter-output>
        </test-method> <!-- getWebSite -->
        <test-method status="PASS" signature="logIntest_In_toKohls(java.lang.Object, java.lang.Object)[pri:0, instance:testUnit.LogInTest@6276ae34]" name="logIntest_In_toKohls" duration-ms="2450" started-at="2020-06-17T05:46:55Z" data-provider="login" finished-at="2020-06-17T05:46:58Z">
          <params>
            <param index="0">
              <value>
                <![CDATA[mollamd715@gmail.com]]>
              </value>
            </param>
            <param index="1">
              <value>
                <![CDATA[Ruhulamin64]]>
              </value>
            </param>
          </params>
          <reporter-output>
          </reporter-output>
        </test-method> <!-- logIntest_In_toKohls -->
        <test-method status="PASS" signature="tearDown(org.testng.ITestResult)[pri:0, instance:testUnit.LogInTest@6276ae34]" name="tearDown" is-config="true" duration-ms="1" started-at="2020-06-17T05:46:58Z" finished-at="2020-06-17T05:46:58Z">
          <params>
            <param index="0">
              <value>
                <![CDATA[[TestResult name=logIntest_In_toKohls status=SUCCESS method=LogInTest.logIntest_In_toKohls(java.lang.Object, java.lang.Object)[pri:0, instance:testUnit.LogInTest@6276ae34] output={null}]]]>
              </value>
            </param>
          </params>
          <reporter-output>
          </reporter-output>
        </test-method> <!-- tearDown -->
        <test-method status="PASS" signature="logIntest_In_toKohls(java.lang.Object, java.lang.Object)[pri:0, instance:testUnit.LogInTest@6276ae34]" name="logIntest_In_toKohls" duration-ms="2986" started-at="2020-06-17T05:46:58Z" data-provider="login" finished-at="2020-06-17T05:47:01Z">
          <params>
            <param index="0">
              <value>
                <![CDATA[mollamd715@gmail.com]]>
              </value>
            </param>
            <param index="1">
              <value>
                <![CDATA[Ruhulamin64]]>
              </value>
            </param>
          </params>
          <reporter-output>
          </reporter-output>
        </test-method> <!-- logIntest_In_toKohls -->
        <test-method status="PASS" signature="getWebSite()[pri:0, instance:testUnit.LogInTest@6276ae34]" name="getWebSite" is-config="true" duration-ms="0" started-at="2020-06-17T05:46:58Z" finished-at="2020-06-17T05:46:58Z">
          <reporter-output>
          </reporter-output>
        </test-method> <!-- getWebSite -->
        <test-method status="PASS" signature="tearDown(org.testng.ITestResult)[pri:0, instance:testUnit.LogInTest@6276ae34]" name="tearDown" is-config="true" duration-ms="1" started-at="2020-06-17T05:47:01Z" finished-at="2020-06-17T05:47:01Z">
          <params>
            <param index="0">
              <value>
                <![CDATA[[TestResult name=logIntest_In_toKohls status=SUCCESS method=LogInTest.logIntest_In_toKohls(java.lang.Object, java.lang.Object)[pri:0, instance:testUnit.LogInTest@6276ae34] output={null}]]]>
              </value>
            </param>
          </params>
          <reporter-output>
          </reporter-output>
        </test-method> <!-- tearDown -->
        <test-method status="PASS" signature="getWebSite()[pri:0, instance:testUnit.LogInTest@6276ae34]" name="getWebSite" is-config="true" duration-ms="1" started-at="2020-06-17T05:47:01Z" finished-at="2020-06-17T05:47:01Z">
          <reporter-output>
          </reporter-output>
        </test-method> <!-- getWebSite -->
        <test-method status="FAIL" signature="logIntest_In_toKohls(java.lang.Object, java.lang.Object)[pri:0, instance:testUnit.LogInTest@6276ae34]" name="logIntest_In_toKohls" duration-ms="2193" started-at="2020-06-17T05:47:01Z" data-provider="login" finished-at="2020-06-17T05:47:03Z">
          <params>
            <param index="0">
              <value>
                <![CDATA[mollamd715@gmail.com]]>
              </value>
            </param>
            <param index="1">
              <value>
                <![CDATA[Ruhulamin64]]>
              </value>
            </param>
          </params>
          <exception class="org.openqa.selenium.InvalidElementStateException">
            <message>
              <![CDATA[invalid element state: Element is not currently interactable and may not be manipulated
  (Session info: chrome=83.0.4103.106)
  (Driver info: chromedriver=2.35.528157 (4429ca2590d6988c0745c24c8858745aaaec01ef),platform=Mac OS X 10.14.6 x86_64) (WARNING: The server did not provide any stacktrace information)
Command duration or timeout: 0 milliseconds
Build info: version: '3.14.0', revision: 'aacccce0', time: '2018-08-02T20:19:58.91Z'
System info: host: 'Mds-MacBook-Pro.home', ip: 'fe80:0:0:0:1874:8bbc:11df:1ffa%en0', os.name: 'Mac OS X', os.arch: 'x86_64', os.version: '10.14.6', java.version: '1.8.0_211'
Driver info: org.openqa.selenium.chrome.ChromeDriver
Capabilities {acceptInsecureCerts: false, acceptSslCerts: false, applicationCacheEnabled: false, browserConnectionEnabled: false, browserName: chrome, chrome: {chromedriverVersion: 2.35.528157 (4429ca2590d698..., userDataDir: /var/folders/j0/66hklvc12yv...}, cssSelectorsEnabled: true, databaseEnabled: false, handlesAlerts: true, hasTouchScreen: false, javascriptEnabled: true, locationContextEnabled: true, mobileEmulationEnabled: false, nativeEvents: true, networkConnectionEnabled: false, pageLoadStrategy: normal, platform: MAC, platformName: MAC, rotatable: false, setWindowRect: true, takesHeapSnapshot: true, takesScreenshot: true, unexpectedAlertBehaviour: , unhandledPromptBehavior: , version: 83.0.4103.106, webStorageEnabled: true}
Session ID: 1ee5e916575e8f462a731f5f77ae3168]]>
            </message>
            <full-stacktrace>
              <![CDATA[org.openqa.selenium.InvalidElementStateException: invalid element state: Element is not currently interactable and may not be manipulated
  (Session info: chrome=83.0.4103.106)
  (Driver info: chromedriver=2.35.528157 (4429ca2590d6988c0745c24c8858745aaaec01ef),platform=Mac OS X 10.14.6 x86_64) (WARNING: The server did not provide any stacktrace information)
Command duration or timeout: 0 milliseconds
Build info: version: '3.14.0', revision: 'aacccce0', time: '2018-08-02T20:19:58.91Z'
System info: host: 'Mds-MacBook-Pro.home', ip: 'fe80:0:0:0:1874:8bbc:11df:1ffa%en0', os.name: 'Mac OS X', os.arch: 'x86_64', os.version: '10.14.6', java.version: '1.8.0_211'
Driver info: org.openqa.selenium.chrome.ChromeDriver
Capabilities {acceptInsecureCerts: false, acceptSslCerts: false, applicationCacheEnabled: false, browserConnectionEnabled: false, browserName: chrome, chrome: {chromedriverVersion: 2.35.528157 (4429ca2590d698..., userDataDir: /var/folders/j0/66hklvc12yv...}, cssSelectorsEnabled: true, databaseEnabled: false, handlesAlerts: true, hasTouchScreen: false, javascriptEnabled: true, locationContextEnabled: true, mobileEmulationEnabled: false, nativeEvents: true, networkConnectionEnabled: false, pageLoadStrategy: normal, platform: MAC, platformName: MAC, rotatable: false, setWindowRect: true, takesHeapSnapshot: true, takesScreenshot: true, unexpectedAlertBehaviour: , unhandledPromptBehavior: , version: 83.0.4103.106, webStorageEnabled: true}
Session ID: 1ee5e916575e8f462a731f5f77ae3168
at sun.reflect.NativeConstructorAccessorImpl.newInstance0(Native Method)
at sun.reflect.NativeConstructorAccessorImpl.newInstance(NativeConstructorAccessorImpl.java:62)
at sun.reflect.DelegatingConstructorAccessorImpl.newInstance(DelegatingConstructorAccessorImpl.java:45)
at java.lang.reflect.Constructor.newInstance(Constructor.java:423)
at org.openqa.selenium.remote.ErrorHandler.createThrowable(ErrorHandler.java:214)
at org.openqa.selenium.remote.ErrorHandler.throwIfResponseFailed(ErrorHandler.java:166)
at org.openqa.selenium.remote.http.JsonHttpResponseCodec.reconstructValue(JsonHttpResponseCodec.java:40)
at org.openqa.selenium.remote.http.AbstractHttpResponseCodec.decode(AbstractHttpResponseCodec.java:80)
at org.openqa.selenium.remote.http.AbstractHttpResponseCodec.decode(AbstractHttpResponseCodec.java:44)
at org.openqa.selenium.remote.HttpCommandExecutor.execute(HttpCommandExecutor.java:158)
at org.openqa.selenium.remote.service.DriverCommandExecutor.execute(DriverCommandExecutor.java:83)
at org.openqa.selenium.remote.RemoteWebDriver.execute(RemoteWebDriver.java:548)
at org.openqa.selenium.remote.RemoteWebElement.execute(RemoteWebElement.java:276)
at org.openqa.selenium.remote.RemoteWebElement.clear(RemoteWebElement.java:118)
at testUnit.LogInTest.logIntest_In_toKohls(LogInTest.java:48)
at sun.reflect.NativeMethodAccessorImpl.invoke0(Native Method)
at sun.reflect.NativeMethodAccessorImpl.invoke(NativeMethodAccessorImpl.java:62)
at sun.reflect.DelegatingMethodAccessorImpl.invoke(DelegatingMethodAccessorImpl.java:43)
at java.lang.reflect.Method.invoke(Method.java:498)
at org.testng.internal.MethodInvocationHelper.invokeMethod(MethodInvocationHelper.java:124)
at org.testng.internal.Invoker.invokeMethod(Invoker.java:583)
at org.testng.internal.Invoker.invokeTestMethod(Invoker.java:719)
at org.testng.internal.Invoker.invokeTestMethods(Invoker.java:989)
at org.testng.internal.TestMethodWorker.invokeTestMethods(TestMethodWorker.java:125)
at org.testng.internal.TestMethodWorker.run(TestMethodWorker.java:109)
at java.util.concurrent.ThreadPoolExecutor.runWorker(ThreadPoolExecutor.java:1149)
at java.util.concurrent.ThreadPoolExecutor$Worker.run(ThreadPoolExecutor.java:624)
at java.lang.Thread.run(Thread.java:748)
]]>
            </full-stacktrace>
          </exception> <!-- org.openqa.selenium.InvalidElementStateException -->
          <reporter-output>
          </reporter-output>
        </test-method> <!-- logIntest_In_toKohls -->
        <test-method status="PASS" signature="tearDown(org.testng.ITestResult)[pri:0, instance:testUnit.LogInTest@6276ae34]" name="tearDown" is-config="true" duration-ms="471" started-at="2020-06-17T05:47:04Z" finished-at="2020-06-17T05:47:05Z">
          <params>
            <param index="0">
              <value>
                <![CDATA[[TestResult name=logIntest_In_toKohls status=FAILURE method=LogInTest.logIntest_In_toKohls(java.lang.Object, java.lang.Object)[pri:0, instance:testUnit.LogInTest@6276ae34] output={null}]]]>
              </value>
            </param>
          </params>
          <reporter-output>
          </reporter-output>
        </test-method> <!-- tearDown -->
        <test-method status="PASS" signature="getWebSite()[pri:0, instance:testUnit.LogInTest@6276ae34]" name="getWebSite" is-config="true" duration-ms="0" started-at="2020-06-17T05:47:05Z" finished-at="2020-06-17T05:47:05Z">
          <reporter-output>
          </reporter-output>
        </test-method> <!-- getWebSite -->
        <test-method status="FAIL" signature="logIntest_In_toKohls(java.lang.Object, java.lang.Object)[pri:0, instance:testUnit.LogInTest@6276ae34]" name="logIntest_In_toKohls" duration-ms="1952" started-at="2020-06-17T05:47:05Z" data-provider="login" finished-at="2020-06-17T05:47:07Z">
          <params>
            <param index="0">
              <value is-null="true"/>
            </param>
            <param index="1">
              <value is-null="true"/>
            </param>
          </params>
          <exception class="java.lang.NullPointerException">
            <full-stacktrace>
              <![CDATA[java.lang.NullPointerException
at testUnit.LogInTest.logIntest_In_toKohls(LogInTest.java:49)
at sun.reflect.NativeMethodAccessorImpl.invoke0(Native Method)
at sun.reflect.NativeMethodAccessorImpl.invoke(NativeMethodAccessorImpl.java:62)
at sun.reflect.DelegatingMethodAccessorImpl.invoke(DelegatingMethodAccessorImpl.java:43)
at java.lang.reflect.Method.invoke(Method.java:498)
at org.testng.internal.MethodInvocationHelper.invokeMethod(MethodInvocationHelper.java:124)
at org.testng.internal.Invoker.invokeMethod(Invoker.java:583)
at org.testng.internal.Invoker.invokeTestMethod(Invoker.java:719)
at org.testng.internal.Invoker.invokeTestMethods(Invoker.java:989)
at org.testng.internal.TestMethodWorker.invokeTestMethods(TestMethodWorker.java:125)
at org.testng.internal.TestMethodWorker.run(TestMethodWorker.java:109)
at java.util.concurrent.ThreadPoolExecutor.runWorker(ThreadPoolExecutor.java:1149)
at java.util.concurrent.ThreadPoolExecutor$Worker.run(ThreadPoolExecutor.java:624)
at java.lang.Thread.run(Thread.java:748)
]]>
            </full-stacktrace>
          </exception> <!-- java.lang.NullPointerException -->
          <reporter-output>
          </reporter-output>
        </test-method> <!-- logIntest_In_toKohls -->
        <test-method status="PASS" signature="tearDown(org.testng.ITestResult)[pri:0, instance:testUnit.LogInTest@6276ae34]" name="tearDown" is-config="true" duration-ms="421" started-at="2020-06-17T05:47:08Z" finished-at="2020-06-17T05:47:08Z">
          <params>
            <param index="0">
              <value>
                <![CDATA[[TestResult name=logIntest_In_toKohls status=FAILURE method=LogInTest.logIntest_In_toKohls(java.lang.Object, java.lang.Object)[pri:0, instance:testUnit.LogInTest@6276ae34] output={null}]]]>
              </value>
            </param>
          </params>
          <reporter-output>
          </reporter-output>
        </test-method> <!-- tearDown -->
        <test-method status="PASS" signature="testDown()[pri:0, instance:testUnit.LogInTest@6276ae34]" name="testDown" is-config="true" duration-ms="3204" started-at="2020-06-17T05:47:08Z" finished-at="2020-06-17T05:47:11Z">
          <reporter-output>
          </reporter-output>
        </test-method> <!-- testDown -->
      </class> <!-- testUnit.LogInTest -->
      <class name="testUnit.SmokeTest">
        <test-method status="PASS" signature="setExtent()[pri:0, instance:testUnit.SmokeTest@39fb3ab6]" name="setExtent" is-config="true" duration-ms="111" started-at="2020-06-17T05:46:31Z" finished-at="2020-06-17T05:46:31Z">
          <reporter-output>
          </reporter-output>
        </test-method> <!-- setExtent -->
        <test-method status="PASS" signature="reading_PropertyFile()[pri:0, instance:testUnit.SmokeTest@39fb3ab6]" name="reading_PropertyFile" is-config="true" duration-ms="30" started-at="2020-06-17T05:46:31Z" finished-at="2020-06-17T05:46:31Z">
          <reporter-output>
          </reporter-output>
        </test-method> <!-- reading_PropertyFile -->
        <test-method status="PASS" signature="setUp()[pri:0, instance:testUnit.SmokeTest@39fb3ab6]" name="setUp" is-config="true" duration-ms="1097" started-at="2020-06-17T05:47:11Z" finished-at="2020-06-17T05:47:12Z">
          <reporter-output>
          </reporter-output>
        </test-method> <!-- setUp -->
        <test-method status="PASS" signature="logIntest02()[pri:1, instance:testUnit.SmokeTest@39fb3ab6]" name="logIntest02" duration-ms="7826" started-at="2020-06-17T05:47:12Z" finished-at="2020-06-17T05:47:20Z">
          <reporter-output>
          </reporter-output>
        </test-method> <!-- logIntest02 -->
        <test-method status="PASS" signature="getWebSite()[pri:0, instance:testUnit.SmokeTest@39fb3ab6]" name="getWebSite" is-config="true" duration-ms="0" started-at="2020-06-17T05:47:12Z" finished-at="2020-06-17T05:47:12Z">
          <reporter-output>
          </reporter-output>
        </test-method> <!-- getWebSite -->
        <test-method status="PASS" signature="tearDown(org.testng.ITestResult)[pri:0, instance:testUnit.SmokeTest@39fb3ab6]" name="tearDown" is-config="true" duration-ms="1" started-at="2020-06-17T05:47:20Z" finished-at="2020-06-17T05:47:20Z">
          <params>
            <param index="0">
              <value>
                <![CDATA[[TestResult name=logIntest02 status=SUCCESS method=SmokeTest.logIntest02()[pri:1, instance:testUnit.SmokeTest@39fb3ab6] output={null}]]]>
              </value>
            </param>
          </params>
          <reporter-output>
          </reporter-output>
        </test-method> <!-- tearDown -->
        <test-method status="PASS" signature="getWebSite()[pri:0, instance:testUnit.SmokeTest@39fb3ab6]" name="getWebSite" is-config="true" duration-ms="0" started-at="2020-06-17T05:47:20Z" finished-at="2020-06-17T05:47:20Z">
          <reporter-output>
          </reporter-output>
        </test-method> <!-- getWebSite -->
        <test-method status="PASS" signature="logIntest01()[pri:2, instance:testUnit.SmokeTest@39fb3ab6]" name="logIntest01" duration-ms="7047" started-at="2020-06-17T05:47:20Z" finished-at="2020-06-17T05:47:27Z">
          <reporter-output>
          </reporter-output>
        </test-method> <!-- logIntest01 -->
        <test-method status="PASS" signature="tearDown(org.testng.ITestResult)[pri:0, instance:testUnit.SmokeTest@39fb3ab6]" name="tearDown" is-config="true" duration-ms="0" started-at="2020-06-17T05:47:27Z" finished-at="2020-06-17T05:47:27Z">
          <params>
            <param index="0">
              <value>
                <![CDATA[[TestResult name=logIntest01 status=SUCCESS method=SmokeTest.logIntest01()[pri:2, instance:testUnit.SmokeTest@39fb3ab6] output={null}]]]>
              </value>
            </param>
          </params>
          <reporter-output>
          </reporter-output>
        </test-method> <!-- tearDown -->
        <test-method status="PASS" signature="getWebSite()[pri:0, instance:testUnit.SmokeTest@39fb3ab6]" name="getWebSite" is-config="true" duration-ms="0" started-at="2020-06-17T05:47:27Z" finished-at="2020-06-17T05:47:27Z">
          <reporter-output>
          </reporter-output>
        </test-method> <!-- getWebSite -->
        <test-method status="PASS" signature="logIntest()[pri:3, instance:testUnit.SmokeTest@39fb3ab6]" name="logIntest" duration-ms="21346" started-at="2020-06-17T05:47:27Z" finished-at="2020-06-17T05:47:49Z">
          <reporter-output>
          </reporter-output>
        </test-method> <!-- logIntest -->
        <test-method status="PASS" signature="tearDown(org.testng.ITestResult)[pri:0, instance:testUnit.SmokeTest@39fb3ab6]" name="tearDown" is-config="true" duration-ms="2" started-at="2020-06-17T05:47:49Z" finished-at="2020-06-17T05:47:49Z">
          <params>
            <param index="0">
              <value>
                <![CDATA[[TestResult name=logIntest status=SUCCESS method=SmokeTest.logIntest()[pri:3, instance:testUnit.SmokeTest@39fb3ab6] output={null}]]]>
              </value>
            </param>
          </params>
          <reporter-output>
          </reporter-output>
        </test-method> <!-- tearDown -->
        <test-method status="PASS" signature="testDown()[pri:0, instance:testUnit.SmokeTest@39fb3ab6]" name="testDown" is-config="true" duration-ms="3291" started-at="2020-06-17T05:47:49Z" finished-at="2020-06-17T05:47:52Z">
          <reporter-output>
          </reporter-output>
        </test-method> <!-- testDown -->
        <test-method status="PASS" signature="endReport()[pri:0, instance:testUnit.SmokeTest@39fb3ab6]" name="endReport" is-config="true" duration-ms="300" started-at="2020-06-17T05:47:52Z" finished-at="2020-06-17T05:47:52Z">
          <reporter-output>
          </reporter-output>
        </test-method> <!-- endReport -->
      </class> <!-- testUnit.SmokeTest -->
    </test> <!-- Selenium_Advanced_Code -->
  </suite> <!-- FullstackFramework -->
</testng-results>
