<?xml version="1.0" encoding="UTF-8"?>
<testsuite xmlns:xsi="http://www.w3.org/2001/XMLSchema-instance" xsi:noNamespaceSchemaLocation="https://maven.apache.org/surefire/maven-surefire-plugin/xsd/surefire-test-report-3.0.xsd" version="3.0" name="TestSuite" time="69.581" tests="13" errors="0" skipped="0" failures="10">
  <properties>
[...]
</properties>
  <testcase name="logIntest_In_toKohls" classname="testUnit.LogInTest" time="3.401">
    <failure type="java.lang.NullPointerException"><![CDATA[java.lang.NullPointerException
	at testUnit.LogInTest.logIntest_In_toKohls(LogInTest.java:55)
]]></failure>
    <system-out><![CDATA[ INFO 2020-06-17 22:32:16,739[mm:ss] (BaseTest.java:reading_PropertyFile:64) - property file reading  started 
 INFO 2020-06-17 22:32:16,749[mm:ss] (BaseTest.java:setUp:77) - got the browser name from Property file 
 INFO 2020-06-17 22:32:18,849[mm:ss] (BaseTest.java:setUp:84) - blank chrome browser launched
 INFO 2020-06-17 22:32:19,376[mm:ss] (LogInTest.java:logIntest_In_toKohls:51) - extentReport start for logIntest
 INFO 2020-06-17 22:32:21,594[mm:ss] (LogInTest.java:logIntest_In_toKohls:53) - landed into kohls login page
]]></system-out>
    <system-err><![CDATA[Starting ChromeDriver 2.35.528157 (4429ca2590d6988c0745c24c8858745aaaec01ef) on port 15742
Only local connections are allowed.
Jun 17, 2020 10:32:18 PM org.openqa.selenium.remote.ProtocolHandshake createSession
INFO: Detected dialect: OSS
]]></system-err>
  </testcase>
  <testcase name="logIntest_In_toKohls" classname="testUnit.LogInTest" time="2.117">
    <failure message="invalid element state: Element is not currently interactable and may not be manipulated&#10;  (Session info: chrome=83.0.4103.106)&#10;  (Driver info: chromedriver=2.35.528157 (4429ca2590d6988c0745c24c8858745aaaec01ef),platform=Mac OS X 10.14.6 x86_64) (WARNING: The server did not provide any stacktrace information)&#10;Command duration or timeout: 0 milliseconds&#10;Build info: version: &apos;3.14.0&apos;, revision: &apos;aacccce0&apos;, time: &apos;2018-08-02T20:19:58.91Z&apos;&#10;System info: host: &apos;Mds-MacBook-Pro.home&apos;, ip: &apos;fe80:0:0:0:1c9e:b5f5:f39c:ad56%en0&apos;, os.name: &apos;Mac OS X&apos;, os.arch: &apos;x86_64&apos;, os.version: &apos;10.14.6&apos;, java.version: &apos;1.8.0_211&apos;&#10;Driver info: org.openqa.selenium.chrome.ChromeDriver&#10;Capabilities {acceptInsecureCerts: false, acceptSslCerts: false, applicationCacheEnabled: false, browserConnectionEnabled: false, browserName: chrome, chrome: {chromedriverVersion: 2.35.528157 (4429ca2590d698..., userDataDir: /var/folders/j0/66hklvc12yv...}, cssSelectorsEnabled: true, databaseEnabled: false, handlesAlerts: true, hasTouchScreen: false, javascriptEnabled: true, locationContextEnabled: true, mobileEmulationEnabled: false, nativeEvents: true, networkConnectionEnabled: false, pageLoadStrategy: normal, platform: MAC, platformName: MAC, rotatable: false, setWindowRect: true, takesHeapSnapshot: true, takesScreenshot: true, unexpectedAlertBehaviour: , unhandledPromptBehavior: , version: 83.0.4103.106, webStorageEnabled: true}&#10;Session ID: c7f241467ab9e0e7836b1cbb41759822" type="org.openqa.selenium.InvalidElementStateException"><![CDATA[org.openqa.selenium.InvalidElementStateException: 
invalid element state: Element is not currently interactable and may not be manipulated
  (Session info: chrome=83.0.4103.106)
  (Driver info: chromedriver=2.35.528157 (4429ca2590d6988c0745c24c8858745aaaec01ef),platform=Mac OS X 10.14.6 x86_64) (WARNING: The server did not provide any stacktrace information)
Command duration or timeout: 0 milliseconds
Build info: version: '3.14.0', revision: 'aacccce0', time: '2018-08-02T20:19:58.91Z'
System info: host: 'Mds-MacBook-Pro.home', ip: 'fe80:0:0:0:1c9e:b5f5:f39c:ad56%en0', os.name: 'Mac OS X', os.arch: 'x86_64', os.version: '10.14.6', java.version: '1.8.0_211'
Driver info: org.openqa.selenium.chrome.ChromeDriver
Capabilities {acceptInsecureCerts: false, acceptSslCerts: false, applicationCacheEnabled: false, browserConnectionEnabled: false, browserName: chrome, chrome: {chromedriverVersion: 2.35.528157 (4429ca2590d698..., userDataDir: /var/folders/j0/66hklvc12yv...}, cssSelectorsEnabled: true, databaseEnabled: false, handlesAlerts: true, hasTouchScreen: false, javascriptEnabled: true, locationContextEnabled: true, mobileEmulationEnabled: false, nativeEvents: true, networkConnectionEnabled: false, pageLoadStrategy: normal, platform: MAC, platformName: MAC, rotatable: false, setWindowRect: true, takesHeapSnapshot: true, takesScreenshot: true, unexpectedAlertBehaviour: , unhandledPromptBehavior: , version: 83.0.4103.106, webStorageEnabled: true}
Session ID: c7f241467ab9e0e7836b1cbb41759822
	at testUnit.LogInTest.logIntest_In_toKohls(LogInTest.java:54)
]]></failure>
    <system-out><![CDATA[ INFO 2020-06-17 22:32:23,729[mm:ss] (BaseTest.java:tearDown:135) - screen shot has taken
 INFO 2020-06-17 22:32:23,730[mm:ss] (BaseTest.java:tearDown:138) - screen shot has attached to extents reports
 INFO 2020-06-17 22:32:23,732[mm:ss] (BaseTest.java:tearDown:151) - extent report ended
 INFO 2020-06-17 22:32:23,733[mm:ss] (LogInTest.java:logIntest_In_toKohls:51) - extentReport start for logIntest
 INFO 2020-06-17 22:32:25,070[mm:ss] (LogInTest.java:logIntest_In_toKohls:53) - landed into kohls login page
]]></system-out>
  </testcase>
  <testcase name="logIntest_In_toKohls" classname="testUnit.LogInTest" time="2.287">
    <failure type="java.lang.NullPointerException"><![CDATA[java.lang.NullPointerException
	at testUnit.LogInTest.logIntest_In_toKohls(LogInTest.java:55)
]]></failure>
    <system-out><![CDATA[ INFO 2020-06-17 22:32:26,735[mm:ss] (BaseTest.java:tearDown:135) - screen shot has taken
 INFO 2020-06-17 22:32:26,735[mm:ss] (BaseTest.java:tearDown:138) - screen shot has attached to extents reports
 INFO 2020-06-17 22:32:26,735[mm:ss] (BaseTest.java:tearDown:151) - extent report ended
 INFO 2020-06-17 22:32:26,736[mm:ss] (LogInTest.java:logIntest_In_toKohls:51) - extentReport start for logIntest
 INFO 2020-06-17 22:32:28,447[mm:ss] (LogInTest.java:logIntest_In_toKohls:53) - landed into kohls login page
]]></system-out>
  </testcase>
  <testcase name="logIntest_In_toKohls" classname="testUnit.LogInTest" time="2.137">
    <failure type="java.lang.NullPointerException"><![CDATA[java.lang.NullPointerException
	at testUnit.LogInTest.logIntest_In_toKohls(LogInTest.java:55)
]]></failure>
    <system-out><![CDATA[ INFO 2020-06-17 22:32:29,834[mm:ss] (BaseTest.java:tearDown:135) - screen shot has taken
 INFO 2020-06-17 22:32:29,835[mm:ss] (BaseTest.java:tearDown:138) - screen shot has attached to extents reports
 INFO 2020-06-17 22:32:29,835[mm:ss] (BaseTest.java:tearDown:151) - extent report ended
 INFO 2020-06-17 22:32:29,842[mm:ss] (LogInTest.java:logIntest_In_toKohls:51) - extentReport start for logIntest
 INFO 2020-06-17 22:32:31,262[mm:ss] (LogInTest.java:logIntest_In_toKohls:53) - landed into kohls login page
]]></system-out>
  </testcase>
  <testcase name="logIntest_In_toKohls" classname="testUnit.LogInTest" time="2.063">
    <failure type="java.lang.NullPointerException"><![CDATA[java.lang.NullPointerException
	at testUnit.LogInTest.logIntest_In_toKohls(LogInTest.java:55)
]]></failure>
    <system-out><![CDATA[ INFO 2020-06-17 22:32:32,793[mm:ss] (BaseTest.java:tearDown:135) - screen shot has taken
 INFO 2020-06-17 22:32:32,793[mm:ss] (BaseTest.java:tearDown:138) - screen shot has attached to extents reports
 INFO 2020-06-17 22:32:32,793[mm:ss] (BaseTest.java:tearDown:151) - extent report ended
 INFO 2020-06-17 22:32:32,794[mm:ss] (LogInTest.java:logIntest_In_toKohls:51) - extentReport start for logIntest
 INFO 2020-06-17 22:32:34,260[mm:ss] (LogInTest.java:logIntest_In_toKohls:53) - landed into kohls login page
]]></system-out>
  </testcase>
  <testcase name="logIntest_In_toKohls" classname="testUnit.LogInTest" time="2.054">
    <failure type="java.lang.NullPointerException"><![CDATA[java.lang.NullPointerException
	at testUnit.LogInTest.logIntest_In_toKohls(LogInTest.java:55)
]]></failure>
    <system-out><![CDATA[ INFO 2020-06-17 22:32:35,658[mm:ss] (BaseTest.java:tearDown:135) - screen shot has taken
 INFO 2020-06-17 22:32:35,664[mm:ss] (BaseTest.java:tearDown:138) - screen shot has attached to extents reports
 INFO 2020-06-17 22:32:35,665[mm:ss] (BaseTest.java:tearDown:151) - extent report ended
 INFO 2020-06-17 22:32:35,667[mm:ss] (LogInTest.java:logIntest_In_toKohls:51) - extentReport start for logIntest
 INFO 2020-06-17 22:32:37,004[mm:ss] (LogInTest.java:logIntest_In_toKohls:53) - landed into kohls login page
]]></system-out>
  </testcase>
  <testcase name="logIntest_In_toKohls" classname="testUnit.LogInTest" time="2.193">
    <failure message="invalid element state: Element is not currently interactable and may not be manipulated&#10;  (Session info: chrome=83.0.4103.106)&#10;  (Driver info: chromedriver=2.35.528157 (4429ca2590d6988c0745c24c8858745aaaec01ef),platform=Mac OS X 10.14.6 x86_64) (WARNING: The server did not provide any stacktrace information)&#10;Command duration or timeout: 0 milliseconds&#10;Build info: version: &apos;3.14.0&apos;, revision: &apos;aacccce0&apos;, time: &apos;2018-08-02T20:19:58.91Z&apos;&#10;System info: host: &apos;Mds-MacBook-Pro.home&apos;, ip: &apos;fe80:0:0:0:1c9e:b5f5:f39c:ad56%en0&apos;, os.name: &apos;Mac OS X&apos;, os.arch: &apos;x86_64&apos;, os.version: &apos;10.14.6&apos;, java.version: &apos;1.8.0_211&apos;&#10;Driver info: org.openqa.selenium.chrome.ChromeDriver&#10;Capabilities {acceptInsecureCerts: false, acceptSslCerts: false, applicationCacheEnabled: false, browserConnectionEnabled: false, browserName: chrome, chrome: {chromedriverVersion: 2.35.528157 (4429ca2590d698..., userDataDir: /var/folders/j0/66hklvc12yv...}, cssSelectorsEnabled: true, databaseEnabled: false, handlesAlerts: true, hasTouchScreen: false, javascriptEnabled: true, locationContextEnabled: true, mobileEmulationEnabled: false, nativeEvents: true, networkConnectionEnabled: false, pageLoadStrategy: normal, platform: MAC, platformName: MAC, rotatable: false, setWindowRect: true, takesHeapSnapshot: true, takesScreenshot: true, unexpectedAlertBehaviour: , unhandledPromptBehavior: , version: 83.0.4103.106, webStorageEnabled: true}&#10;Session ID: c7f241467ab9e0e7836b1cbb41759822" type="org.openqa.selenium.InvalidElementStateException"><![CDATA[org.openqa.selenium.InvalidElementStateException: 
invalid element state: Element is not currently interactable and may not be manipulated
  (Session info: chrome=83.0.4103.106)
  (Driver info: chromedriver=2.35.528157 (4429ca2590d6988c0745c24c8858745aaaec01ef),platform=Mac OS X 10.14.6 x86_64) (WARNING: The server did not provide any stacktrace information)
Command duration or timeout: 0 milliseconds
Build info: version: '3.14.0', revision: 'aacccce0', time: '2018-08-02T20:19:58.91Z'
System info: host: 'Mds-MacBook-Pro.home', ip: 'fe80:0:0:0:1c9e:b5f5:f39c:ad56%en0', os.name: 'Mac OS X', os.arch: 'x86_64', os.version: '10.14.6', java.version: '1.8.0_211'
Driver info: org.openqa.selenium.chrome.ChromeDriver
Capabilities {acceptInsecureCerts: false, acceptSslCerts: false, applicationCacheEnabled: false, browserConnectionEnabled: false, browserName: chrome, chrome: {chromedriverVersion: 2.35.528157 (4429ca2590d698..., userDataDir: /var/folders/j0/66hklvc12yv...}, cssSelectorsEnabled: true, databaseEnabled: false, handlesAlerts: true, hasTouchScreen: false, javascriptEnabled: true, locationContextEnabled: true, mobileEmulationEnabled: false, nativeEvents: true, networkConnectionEnabled: false, pageLoadStrategy: normal, platform: MAC, platformName: MAC, rotatable: false, setWindowRect: true, takesHeapSnapshot: true, takesScreenshot: true, unexpectedAlertBehaviour: , unhandledPromptBehavior: , version: 83.0.4103.106, webStorageEnabled: true}
Session ID: c7f241467ab9e0e7836b1cbb41759822
	at testUnit.LogInTest.logIntest_In_toKohls(LogInTest.java:54)
]]></failure>
    <system-out><![CDATA[ INFO 2020-06-17 22:32:38,616[mm:ss] (BaseTest.java:tearDown:135) - screen shot has taken
 INFO 2020-06-17 22:32:38,617[mm:ss] (BaseTest.java:tearDown:138) - screen shot has attached to extents reports
 INFO 2020-06-17 22:32:38,617[mm:ss] (BaseTest.java:tearDown:151) - extent report ended
 INFO 2020-06-17 22:32:38,617[mm:ss] (LogInTest.java:logIntest_In_toKohls:51) - extentReport start for logIntest
 INFO 2020-06-17 22:32:40,074[mm:ss] (LogInTest.java:logIntest_In_toKohls:53) - landed into kohls login page
]]></system-out>
  </testcase>
  <testcase name="logIntest_In_toKohls" classname="testUnit.LogInTest" time="2.148">
    <failure type="java.lang.NullPointerException"><![CDATA[java.lang.NullPointerException
	at testUnit.LogInTest.logIntest_In_toKohls(LogInTest.java:55)
]]></failure>
    <system-out><![CDATA[ INFO 2020-06-17 22:32:41,663[mm:ss] (BaseTest.java:tearDown:135) - screen shot has taken
 INFO 2020-06-17 22:32:41,670[mm:ss] (BaseTest.java:tearDown:138) - screen shot has attached to extents reports
 INFO 2020-06-17 22:32:41,670[mm:ss] (BaseTest.java:tearDown:151) - extent report ended
 INFO 2020-06-17 22:32:41,671[mm:ss] (LogInTest.java:logIntest_In_toKohls:51) - extentReport start for logIntest
 INFO 2020-06-17 22:32:43,178[mm:ss] (LogInTest.java:logIntest_In_toKohls:53) - landed into kohls login page
]]></system-out>
  </testcase>
  <testcase name="logIntest_In_toKohls" classname="testUnit.LogInTest" time="2.019">
    <failure message="invalid element state: Element is not currently interactable and may not be manipulated&#10;  (Session info: chrome=83.0.4103.106)&#10;  (Driver info: chromedriver=2.35.528157 (4429ca2590d6988c0745c24c8858745aaaec01ef),platform=Mac OS X 10.14.6 x86_64) (WARNING: The server did not provide any stacktrace information)&#10;Command duration or timeout: 0 milliseconds&#10;Build info: version: &apos;3.14.0&apos;, revision: &apos;aacccce0&apos;, time: &apos;2018-08-02T20:19:58.91Z&apos;&#10;System info: host: &apos;Mds-MacBook-Pro.home&apos;, ip: &apos;fe80:0:0:0:1c9e:b5f5:f39c:ad56%en0&apos;, os.name: &apos;Mac OS X&apos;, os.arch: &apos;x86_64&apos;, os.version: &apos;10.14.6&apos;, java.version: &apos;1.8.0_211&apos;&#10;Driver info: org.openqa.selenium.chrome.ChromeDriver&#10;Capabilities {acceptInsecureCerts: false, acceptSslCerts: false, applicationCacheEnabled: false, browserConnectionEnabled: false, browserName: chrome, chrome: {chromedriverVersion: 2.35.528157 (4429ca2590d698..., userDataDir: /var/folders/j0/66hklvc12yv...}, cssSelectorsEnabled: true, databaseEnabled: false, handlesAlerts: true, hasTouchScreen: false, javascriptEnabled: true, locationContextEnabled: true, mobileEmulationEnabled: false, nativeEvents: true, networkConnectionEnabled: false, pageLoadStrategy: normal, platform: MAC, platformName: MAC, rotatable: false, setWindowRect: true, takesHeapSnapshot: true, takesScreenshot: true, unexpectedAlertBehaviour: , unhandledPromptBehavior: , version: 83.0.4103.106, webStorageEnabled: true}&#10;Session ID: c7f241467ab9e0e7836b1cbb41759822" type="org.openqa.selenium.InvalidElementStateException"><![CDATA[org.openqa.selenium.InvalidElementStateException: 
invalid element state: Element is not currently interactable and may not be manipulated
  (Session info: chrome=83.0.4103.106)
  (Driver info: chromedriver=2.35.528157 (4429ca2590d6988c0745c24c8858745aaaec01ef),platform=Mac OS X 10.14.6 x86_64) (WARNING: The server did not provide any stacktrace information)
Command duration or timeout: 0 milliseconds
Build info: version: '3.14.0', revision: 'aacccce0', time: '2018-08-02T20:19:58.91Z'
System info: host: 'Mds-MacBook-Pro.home', ip: 'fe80:0:0:0:1c9e:b5f5:f39c:ad56%en0', os.name: 'Mac OS X', os.arch: 'x86_64', os.version: '10.14.6', java.version: '1.8.0_211'
Driver info: org.openqa.selenium.chrome.ChromeDriver
Capabilities {acceptInsecureCerts: false, acceptSslCerts: false, applicationCacheEnabled: false, browserConnectionEnabled: false, browserName: chrome, chrome: {chromedriverVersion: 2.35.528157 (4429ca2590d698..., userDataDir: /var/folders/j0/66hklvc12yv...}, cssSelectorsEnabled: true, databaseEnabled: false, handlesAlerts: true, hasTouchScreen: false, javascriptEnabled: true, locationContextEnabled: true, mobileEmulationEnabled: false, nativeEvents: true, networkConnectionEnabled: false, pageLoadStrategy: normal, platform: MAC, platformName: MAC, rotatable: false, setWindowRect: true, takesHeapSnapshot: true, takesScreenshot: true, unexpectedAlertBehaviour: , unhandledPromptBehavior: , version: 83.0.4103.106, webStorageEnabled: true}
Session ID: c7f241467ab9e0e7836b1cbb41759822
	at testUnit.LogInTest.logIntest_In_toKohls(LogInTest.java:54)
]]></failure>
    <system-out><![CDATA[ INFO 2020-06-17 22:32:44,621[mm:ss] (BaseTest.java:tearDown:135) - screen shot has taken
 INFO 2020-06-17 22:32:44,627[mm:ss] (BaseTest.java:tearDown:138) - screen shot has attached to extents reports
 INFO 2020-06-17 22:32:44,628[mm:ss] (BaseTest.java:tearDown:151) - extent report ended
 INFO 2020-06-17 22:32:44,628[mm:ss] (LogInTest.java:logIntest_In_toKohls:51) - extentReport start for logIntest
 INFO 2020-06-17 22:32:45,928[mm:ss] (LogInTest.java:logIntest_In_toKohls:53) - landed into kohls login page
]]></system-out>
  </testcase>
  <testcase name="logIntest_In_toKohls" classname="testUnit.LogInTest" time="2.198">
    <failure message="invalid element state: Element is not currently interactable and may not be manipulated&#10;  (Session info: chrome=83.0.4103.106)&#10;  (Driver info: chromedriver=2.35.528157 (4429ca2590d6988c0745c24c8858745aaaec01ef),platform=Mac OS X 10.14.6 x86_64) (WARNING: The server did not provide any stacktrace information)&#10;Command duration or timeout: 0 milliseconds&#10;Build info: version: &apos;3.14.0&apos;, revision: &apos;aacccce0&apos;, time: &apos;2018-08-02T20:19:58.91Z&apos;&#10;System info: host: &apos;Mds-MacBook-Pro.home&apos;, ip: &apos;fe80:0:0:0:1c9e:b5f5:f39c:ad56%en0&apos;, os.name: &apos;Mac OS X&apos;, os.arch: &apos;x86_64&apos;, os.version: &apos;10.14.6&apos;, java.version: &apos;1.8.0_211&apos;&#10;Driver info: org.openqa.selenium.chrome.ChromeDriver&#10;Capabilities {acceptInsecureCerts: false, acceptSslCerts: false, applicationCacheEnabled: false, browserConnectionEnabled: false, browserName: chrome, chrome: {chromedriverVersion: 2.35.528157 (4429ca2590d698..., userDataDir: /var/folders/j0/66hklvc12yv...}, cssSelectorsEnabled: true, databaseEnabled: false, handlesAlerts: true, hasTouchScreen: false, javascriptEnabled: true, locationContextEnabled: true, mobileEmulationEnabled: false, nativeEvents: true, networkConnectionEnabled: false, pageLoadStrategy: normal, platform: MAC, platformName: MAC, rotatable: false, setWindowRect: true, takesHeapSnapshot: true, takesScreenshot: true, unexpectedAlertBehaviour: , unhandledPromptBehavior: , version: 83.0.4103.106, webStorageEnabled: true}&#10;Session ID: c7f241467ab9e0e7836b1cbb41759822" type="org.openqa.selenium.InvalidElementStateException"><![CDATA[org.openqa.selenium.InvalidElementStateException: 
invalid element state: Element is not currently interactable and may not be manipulated
  (Session info: chrome=83.0.4103.106)
  (Driver info: chromedriver=2.35.528157 (4429ca2590d6988c0745c24c8858745aaaec01ef),platform=Mac OS X 10.14.6 x86_64) (WARNING: The server did not provide any stacktrace information)
Command duration or timeout: 0 milliseconds
Build info: version: '3.14.0', revision: 'aacccce0', time: '2018-08-02T20:19:58.91Z'
System info: host: 'Mds-MacBook-Pro.home', ip: 'fe80:0:0:0:1c9e:b5f5:f39c:ad56%en0', os.name: 'Mac OS X', os.arch: 'x86_64', os.version: '10.14.6', java.version: '1.8.0_211'
Driver info: org.openqa.selenium.chrome.ChromeDriver
Capabilities {acceptInsecureCerts: false, acceptSslCerts: false, applicationCacheEnabled: false, browserConnectionEnabled: false, browserName: chrome, chrome: {chromedriverVersion: 2.35.528157 (4429ca2590d698..., userDataDir: /var/folders/j0/66hklvc12yv...}, cssSelectorsEnabled: true, databaseEnabled: false, handlesAlerts: true, hasTouchScreen: false, javascriptEnabled: true, locationContextEnabled: true, mobileEmulationEnabled: false, nativeEvents: true, networkConnectionEnabled: false, pageLoadStrategy: normal, platform: MAC, platformName: MAC, rotatable: false, setWindowRect: true, takesHeapSnapshot: true, takesScreenshot: true, unexpectedAlertBehaviour: , unhandledPromptBehavior: , version: 83.0.4103.106, webStorageEnabled: true}
Session ID: c7f241467ab9e0e7836b1cbb41759822
	at testUnit.LogInTest.logIntest_In_toKohls(LogInTest.java:54)
]]></failure>
    <system-out><![CDATA[ INFO 2020-06-17 22:32:47,503[mm:ss] (BaseTest.java:tearDown:135) - screen shot has taken
 INFO 2020-06-17 22:32:47,503[mm:ss] (BaseTest.java:tearDown:138) - screen shot has attached to extents reports
 INFO 2020-06-17 22:32:47,504[mm:ss] (BaseTest.java:tearDown:151) - extent report ended
 INFO 2020-06-17 22:32:47,505[mm:ss] (LogInTest.java:logIntest_In_toKohls:51) - extentReport start for logIntest
 INFO 2020-06-17 22:32:48,930[mm:ss] (LogInTest.java:logIntest_In_toKohls:53) - landed into kohls login page
]]></system-out>
  </testcase>
  <testcase name="logIntest02" classname="testUnit.SmokeTest" time="10.514"/>
  <testcase name="logIntest01" classname="testUnit.SmokeTest" time="6.154"/>
  <testcase name="logIntest" classname="testUnit.SmokeTest" time="10.902"/>
</testsuite>