<?xml version="1.0" encoding="UTF-8"?>
<testsuite xmlns:xsi="http://www.w3.org/2001/XMLSchema-instance" xsi:noNamespaceSchemaLocation="https://maven.apache.org/surefire/maven-surefire-plugin/xsd/surefire-test-report-3.0.xsd" version="3.0" name="TestSuite" time="82.175" tests="13" errors="0" skipped="0" failures="2">
  <properties>
[...]
</properties>
  <testcase name="logIntest_In_toKohls" classname="testUnit.LogInTest" time="8.543"/>
  <testcase name="logIntest_In_toKohls" classname="testUnit.LogInTest" time="3.098"/>
  <testcase name="logIntest_In_toKohls" classname="testUnit.LogInTest" time="2.419"/>
  <testcase name="logIntest_In_toKohls" classname="testUnit.LogInTest" time="3"/>
  <testcase name="logIntest_In_toKohls" classname="testUnit.LogInTest" time="2.572"/>
  <testcase name="logIntest_In_toKohls" classname="testUnit.LogInTest" time="2.867"/>
  <testcase name="logIntest_In_toKohls" classname="testUnit.LogInTest" time="2.449"/>
  <testcase name="logIntest_In_toKohls" classname="testUnit.LogInTest" time="2.986"/>
  <testcase name="logIntest_In_toKohls" classname="testUnit.LogInTest" time="3.045">
    <failure message="invalid element state: Element is not currently interactable and may not be manipulated&#10;  (Session info: chrome=83.0.4103.106)&#10;  (Driver info: chromedriver=2.35.528157 (4429ca2590d6988c0745c24c8858745aaaec01ef),platform=Mac OS X 10.14.6 x86_64) (WARNING: The server did not provide any stacktrace information)&#10;Command duration or timeout: 0 milliseconds&#10;Build info: version: &apos;3.14.0&apos;, revision: &apos;aacccce0&apos;, time: &apos;2018-08-02T20:19:58.91Z&apos;&#10;System info: host: &apos;Mds-MacBook-Pro.home&apos;, ip: &apos;fe80:0:0:0:1874:8bbc:11df:1ffa%en0&apos;, os.name: &apos;Mac OS X&apos;, os.arch: &apos;x86_64&apos;, os.version: &apos;10.14.6&apos;, java.version: &apos;1.8.0_211&apos;&#10;Driver info: org.openqa.selenium.chrome.ChromeDriver&#10;Capabilities {acceptInsecureCerts: false, acceptSslCerts: false, applicationCacheEnabled: false, browserConnectionEnabled: false, browserName: chrome, chrome: {chromedriverVersion: 2.35.528157 (4429ca2590d698..., userDataDir: /var/folders/j0/66hklvc12yv...}, cssSelectorsEnabled: true, databaseEnabled: false, handlesAlerts: true, hasTouchScreen: false, javascriptEnabled: true, locationContextEnabled: true, mobileEmulationEnabled: false, nativeEvents: true, networkConnectionEnabled: false, pageLoadStrategy: normal, platform: MAC, platformName: MAC, rotatable: false, setWindowRect: true, takesHeapSnapshot: true, takesScreenshot: true, unexpectedAlertBehaviour: , unhandledPromptBehavior: , version: 83.0.4103.106, webStorageEnabled: true}&#10;Session ID: 1ee5e916575e8f462a731f5f77ae3168" type="org.openqa.selenium.InvalidElementStateException"><![CDATA[org.openqa.selenium.InvalidElementStateException: 
invalid element state: Element is not currently interactable and may not be manipulated
  (Session info: chrome=83.0.4103.106)
  (Driver info: chromedriver=2.35.528157 (4429ca2590d6988c0745c24c8858745aaaec01ef),platform=Mac OS X 10.14.6 x86_64) (WARNING: The server did not provide any stacktrace information)
Command duration or timeout: 0 milliseconds
Build info: version: '3.14.0', revision: 'aacccce0', time: '2018-08-02T20:19:58.91Z'
System info: host: 'Mds-MacBook-Pro.home', ip: 'fe80:0:0:0:1874:8bbc:11df:1ffa%en0', os.name: 'Mac OS X', os.arch: 'x86_64', os.version: '10.14.6', java.version: '1.8.0_211'
Driver info: org.openqa.selenium.chrome.ChromeDriver
Capabilities {acceptInsecureCerts: false, acceptSslCerts: false, applicationCacheEnabled: false, browserConnectionEnabled: false, browserName: chrome, chrome: {chromedriverVersion: 2.35.528157 (4429ca2590d698..., userDataDir: /var/folders/j0/66hklvc12yv...}, cssSelectorsEnabled: true, databaseEnabled: false, handlesAlerts: true, hasTouchScreen: false, javascriptEnabled: true, locationContextEnabled: true, mobileEmulationEnabled: false, nativeEvents: true, networkConnectionEnabled: false, pageLoadStrategy: normal, platform: MAC, platformName: MAC, rotatable: false, setWindowRect: true, takesHeapSnapshot: true, takesScreenshot: true, unexpectedAlertBehaviour: , unhandledPromptBehavior: , version: 83.0.4103.106, webStorageEnabled: true}
Session ID: 1ee5e916575e8f462a731f5f77ae3168
	at testUnit.LogInTest.logIntest_In_toKohls(LogInTest.java:48)
]]></failure>
    <system-out><![CDATA[ INFO 2020-06-17 01:47:01,342[mm:ss] (BaseTest.java:tearDown:144) - test case pass : logIntest_In_toKohls
 INFO 2020-06-17 01:47:01,342[mm:ss] (BaseTest.java:tearDown:148) - extent report ended
 INFO 2020-06-17 01:47:01,343[mm:ss] (LogInTest.java:logIntest_In_toKohls:45) - extentReport start for logIntest
 INFO 2020-06-17 01:47:03,429[mm:ss] (LogInTest.java:logIntest_In_toKohls:47) - landed into kohls login page
]]></system-out>
  </testcase>
  <testcase name="logIntest_In_toKohls" classname="testUnit.LogInTest" time="2.411">
    <failure type="java.lang.NullPointerException"><![CDATA[java.lang.NullPointerException
	at testUnit.LogInTest.logIntest_In_toKohls(LogInTest.java:49)
]]></failure>
    <system-out><![CDATA[ INFO 2020-06-17 01:47:05,397[mm:ss] (BaseTest.java:tearDown:132) - screen shot has taken
 INFO 2020-06-17 01:47:05,398[mm:ss] (BaseTest.java:tearDown:135) - screen shot has attached to extents reports
 INFO 2020-06-17 01:47:05,398[mm:ss] (BaseTest.java:tearDown:148) - extent report ended
 INFO 2020-06-17 01:47:05,399[mm:ss] (LogInTest.java:logIntest_In_toKohls:45) - extentReport start for logIntest
 INFO 2020-06-17 01:47:07,090[mm:ss] (LogInTest.java:logIntest_In_toKohls:47) - landed into kohls login page
]]></system-out>
  </testcase>
  <testcase name="logIntest02" classname="testUnit.SmokeTest" time="7.826"/>
  <testcase name="logIntest01" classname="testUnit.SmokeTest" time="7.048"/>
  <testcase name="logIntest" classname="testUnit.SmokeTest" time="21.346"/>
</testsuite>