<?xml version="1.0" encoding="UTF-8"?>
<testng-results skipped="0" failed="2" ignored="0" total="3" passed="1">
  <reporter-output>
  </reporter-output>
  <suite name="Default suite" duration-ms="21688" started-at="2020-06-18T04:57:57Z" finished-at="2020-06-18T04:58:18Z">
    <groups>
    </groups>
    <test name="Default test" duration-ms="21688" started-at="2020-06-18T04:57:57Z" finished-at="2020-06-18T04:58:18Z">
      <class name="dataDriven.kohls.LogIntoKohlsTest">
        <test-method status="PASS" signature="setExtent()[pri:0, instance:dataDriven.kohls.LogIntoKohlsTest@e25b2fe]" name="setExtent" is-config="true" duration-ms="204" started-at="2020-06-18T04:57:56Z" finished-at="2020-06-18T04:57:57Z">
          <reporter-output>
          </reporter-output>
        </test-method> <!-- setExtent -->
        <test-method status="PASS" signature="reading_PropertyFile()[pri:0, instance:dataDriven.kohls.LogIntoKohlsTest@e25b2fe]" name="reading_PropertyFile" is-config="true" duration-ms="29" started-at="2020-06-18T04:57:57Z" finished-at="2020-06-18T04:57:57Z">
          <reporter-output>
          </reporter-output>
        </test-method> <!-- reading_PropertyFile -->
        <test-method status="PASS" signature="setUp()[pri:0, instance:dataDriven.kohls.LogIntoKohlsTest@e25b2fe]" name="setUp" is-config="true" duration-ms="4411" started-at="2020-06-18T04:57:57Z" finished-at="2020-06-18T04:58:01Z">
          <reporter-output>
          </reporter-output>
        </test-method> <!-- setUp -->
        <test-method status="PASS" signature="getWebSite()[pri:0, instance:dataDriven.kohls.LogIntoKohlsTest@e25b2fe]" name="getWebSite" is-config="true" duration-ms="0" started-at="2020-06-18T04:58:02Z" finished-at="2020-06-18T04:58:02Z">
          <reporter-output>
          </reporter-output>
        </test-method> <!-- getWebSite -->
        <test-method status="PASS" signature="loginTest(java.lang.Object, java.lang.Object)[pri:0, instance:dataDriven.kohls.LogIntoKohlsTest@e25b2fe]" name="loginTest" duration-ms="993" started-at="2020-06-18T04:58:02Z" data-provider="login" finished-at="2020-06-18T04:58:03Z">
          <params>
            <param index="0">
              <value>
                <![CDATA[mollamd715@gmail.com]]>
              </value>
            </param>
            <param index="1">
              <value>
                <![CDATA[Ruhulamin64]]>
              </value>
            </param>
          </params>
          <reporter-output>
          </reporter-output>
        </test-method> <!-- loginTest -->
        <test-method status="PASS" signature="tearDown(org.testng.ITestResult)[pri:0, instance:dataDriven.kohls.LogIntoKohlsTest@e25b2fe]" name="tearDown" is-config="true" duration-ms="4" started-at="2020-06-18T04:58:03Z" finished-at="2020-06-18T04:58:03Z">
          <params>
            <param index="0">
              <value>
                <![CDATA[[TestResult name=loginTest status=SUCCESS method=LogIntoKohlsTest.loginTest(java.lang.Object, java.lang.Object)[pri:0, instance:dataDriven.kohls.LogIntoKohlsTest@e25b2fe] output={null}]]]>
              </value>
            </param>
          </params>
          <reporter-output>
          </reporter-output>
        </test-method> <!-- tearDown -->
        <test-method status="FAIL" signature="loginTest(java.lang.Object, java.lang.Object)[pri:0, instance:dataDriven.kohls.LogIntoKohlsTest@e25b2fe]" name="loginTest" duration-ms="541" started-at="2020-06-18T04:58:03Z" data-provider="login" finished-at="2020-06-18T04:58:03Z">
          <params>
            <param index="0">
              <value>
                <![CDATA[mollamd715@gmail.com]]>
              </value>
            </param>
            <param index="1">
              <value>
                <![CDATA[Ruhulamin64]]>
              </value>
            </param>
          </params>
          <exception class="org.openqa.selenium.WebDriverException">
            <message>
              <![CDATA[unknown error: Element <input name="Profilelogin" id="Profilelogin" value="SIGN IN" class="rd-signInBtn textWhite rd-btnGreen mT20 kas-loginPage-signin-button-SignIn" type="button" disabled="disabled"> is not clickable at point (341, 579). Other element would receive the click: <img alt="Loading..." src="/account/media/25.0.0-567/images/ajax-loader.gif" class="signin-loader" style="z-index: 1;">
  (Session info: chrome=83.0.4103.106)
  (Driver info: chromedriver=2.35.528157 (4429ca2590d6988c0745c24c8858745aaaec01ef),platform=Mac OS X 10.14.6 x86_64) (WARNING: The server did not provide any stacktrace information)
Command duration or timeout: 0 milliseconds
Build info: version: '3.14.0', revision: 'aacccce0', time: '2018-08-02T20:19:58.91Z'
System info: host: 'Mds-MacBook-Pro.home', ip: 'fe80:0:0:0:1c9e:b5f5:f39c:ad56%en0', os.name: 'Mac OS X', os.arch: 'x86_64', os.version: '10.14.6', java.version: '1.8.0_211'
Driver info: org.openqa.selenium.chrome.ChromeDriver
Capabilities {acceptInsecureCerts: false, acceptSslCerts: false, applicationCacheEnabled: false, browserConnectionEnabled: false, browserName: chrome, chrome: {chromedriverVersion: 2.35.528157 (4429ca2590d698..., userDataDir: /var/folders/j0/66hklvc12yv...}, cssSelectorsEnabled: true, databaseEnabled: false, handlesAlerts: true, hasTouchScreen: false, javascriptEnabled: true, locationContextEnabled: true, mobileEmulationEnabled: false, nativeEvents: true, networkConnectionEnabled: false, pageLoadStrategy: normal, platform: MAC, platformName: MAC, rotatable: false, setWindowRect: true, takesHeapSnapshot: true, takesScreenshot: true, unexpectedAlertBehaviour: , unhandledPromptBehavior: , version: 83.0.4103.106, webStorageEnabled: true}
Session ID: 627ec3decd42a143ec43212a3869bf0c]]>
            </message>
            <full-stacktrace>
              <![CDATA[org.openqa.selenium.WebDriverException: unknown error: Element <input name="Profilelogin" id="Profilelogin" value="SIGN IN" class="rd-signInBtn textWhite rd-btnGreen mT20 kas-loginPage-signin-button-SignIn" type="button" disabled="disabled"> is not clickable at point (341, 579). Other element would receive the click: <img alt="Loading..." src="/account/media/25.0.0-567/images/ajax-loader.gif" class="signin-loader" style="z-index: 1;">
  (Session info: chrome=83.0.4103.106)
  (Driver info: chromedriver=2.35.528157 (4429ca2590d6988c0745c24c8858745aaaec01ef),platform=Mac OS X 10.14.6 x86_64) (WARNING: The server did not provide any stacktrace information)
Command duration or timeout: 0 milliseconds
Build info: version: '3.14.0', revision: 'aacccce0', time: '2018-08-02T20:19:58.91Z'
System info: host: 'Mds-MacBook-Pro.home', ip: 'fe80:0:0:0:1c9e:b5f5:f39c:ad56%en0', os.name: 'Mac OS X', os.arch: 'x86_64', os.version: '10.14.6', java.version: '1.8.0_211'
Driver info: org.openqa.selenium.chrome.ChromeDriver
Capabilities {acceptInsecureCerts: false, acceptSslCerts: false, applicationCacheEnabled: false, browserConnectionEnabled: false, browserName: chrome, chrome: {chromedriverVersion: 2.35.528157 (4429ca2590d698..., userDataDir: /var/folders/j0/66hklvc12yv...}, cssSelectorsEnabled: true, databaseEnabled: false, handlesAlerts: true, hasTouchScreen: false, javascriptEnabled: true, locationContextEnabled: true, mobileEmulationEnabled: false, nativeEvents: true, networkConnectionEnabled: false, pageLoadStrategy: normal, platform: MAC, platformName: MAC, rotatable: false, setWindowRect: true, takesHeapSnapshot: true, takesScreenshot: true, unexpectedAlertBehaviour: , unhandledPromptBehavior: , version: 83.0.4103.106, webStorageEnabled: true}
Session ID: 627ec3decd42a143ec43212a3869bf0c
at sun.reflect.NativeConstructorAccessorImpl.newInstance0(Native Method)
at sun.reflect.NativeConstructorAccessorImpl.newInstance(NativeConstructorAccessorImpl.java:62)
at sun.reflect.DelegatingConstructorAccessorImpl.newInstance(DelegatingConstructorAccessorImpl.java:45)
at java.lang.reflect.Constructor.newInstance(Constructor.java:423)
at org.openqa.selenium.remote.ErrorHandler.createThrowable(ErrorHandler.java:214)
at org.openqa.selenium.remote.ErrorHandler.throwIfResponseFailed(ErrorHandler.java:166)
at org.openqa.selenium.remote.http.JsonHttpResponseCodec.reconstructValue(JsonHttpResponseCodec.java:40)
at org.openqa.selenium.remote.http.AbstractHttpResponseCodec.decode(AbstractHttpResponseCodec.java:80)
at org.openqa.selenium.remote.http.AbstractHttpResponseCodec.decode(AbstractHttpResponseCodec.java:44)
at org.openqa.selenium.remote.HttpCommandExecutor.execute(HttpCommandExecutor.java:158)
at org.openqa.selenium.remote.service.DriverCommandExecutor.execute(DriverCommandExecutor.java:83)
at org.openqa.selenium.remote.RemoteWebDriver.execute(RemoteWebDriver.java:548)
at org.openqa.selenium.remote.RemoteWebElement.execute(RemoteWebElement.java:276)
at org.openqa.selenium.remote.RemoteWebElement.click(RemoteWebElement.java:83)
at sun.reflect.NativeMethodAccessorImpl.invoke0(Native Method)
at sun.reflect.NativeMethodAccessorImpl.invoke(NativeMethodAccessorImpl.java:62)
at sun.reflect.DelegatingMethodAccessorImpl.invoke(DelegatingMethodAccessorImpl.java:43)
at java.lang.reflect.Method.invoke(Method.java:498)
at org.openqa.selenium.support.pagefactory.internal.LocatingElementHandler.invoke(LocatingElementHandler.java:51)
at com.sun.proxy.$Proxy15.click(Unknown Source)
at utilies.Helper.clickOnElement(Helper.java:28)
at logInPage.LogInPage.clickONSignInButton(LogInPage.java:40)
at dataDriven.kohls.LogIntoKohlsTest.loginTest(LogIntoKohlsTest.java:29)
at sun.reflect.NativeMethodAccessorImpl.invoke0(Native Method)
at sun.reflect.NativeMethodAccessorImpl.invoke(NativeMethodAccessorImpl.java:62)
at sun.reflect.DelegatingMethodAccessorImpl.invoke(DelegatingMethodAccessorImpl.java:43)
at java.lang.reflect.Method.invoke(Method.java:498)
at org.testng.internal.MethodInvocationHelper.invokeMethod(MethodInvocationHelper.java:124)
at org.testng.internal.Invoker.invokeMethod(Invoker.java:583)
at org.testng.internal.Invoker.invokeTestMethod(Invoker.java:719)
at org.testng.internal.Invoker.invokeTestMethods(Invoker.java:989)
at org.testng.internal.TestMethodWorker.invokeTestMethods(TestMethodWorker.java:125)
at org.testng.internal.TestMethodWorker.run(TestMethodWorker.java:109)
at org.testng.TestRunner.privateRun(TestRunner.java:648)
at org.testng.TestRunner.run(TestRunner.java:505)
at org.testng.SuiteRunner.runTest(SuiteRunner.java:455)
at org.testng.SuiteRunner.runSequentially(SuiteRunner.java:450)
at org.testng.SuiteRunner.privateRun(SuiteRunner.java:415)
at org.testng.SuiteRunner.run(SuiteRunner.java:364)
at org.testng.SuiteRunnerWorker.runSuite(SuiteRunnerWorker.java:52)
at org.testng.SuiteRunnerWorker.run(SuiteRunnerWorker.java:84)
at org.testng.TestNG.runSuitesSequentially(TestNG.java:1208)
at org.testng.TestNG.runSuitesLocally(TestNG.java:1137)
at org.testng.TestNG.runSuites(TestNG.java:1049)
at org.testng.TestNG.run(TestNG.java:1017)
at org.testng.remote.AbstractRemoteTestNG.run(AbstractRemoteTestNG.java:115)
at org.testng.remote.RemoteTestNG.initAndRun(RemoteTestNG.java:251)
at org.testng.remote.RemoteTestNG.main(RemoteTestNG.java:77)
]]>
            </full-stacktrace>
          </exception> <!-- org.openqa.selenium.WebDriverException -->
          <reporter-output>
          </reporter-output>
        </test-method> <!-- loginTest -->
        <test-method status="PASS" signature="getWebSite()[pri:0, instance:dataDriven.kohls.LogIntoKohlsTest@e25b2fe]" name="getWebSite" is-config="true" duration-ms="0" started-at="2020-06-18T04:58:03Z" finished-at="2020-06-18T04:58:03Z">
          <reporter-output>
          </reporter-output>
        </test-method> <!-- getWebSite -->
        <test-method status="PASS" signature="tearDown(org.testng.ITestResult)[pri:0, instance:dataDriven.kohls.LogIntoKohlsTest@e25b2fe]" name="tearDown" is-config="true" duration-ms="11174" started-at="2020-06-18T04:58:03Z" finished-at="2020-06-18T04:58:14Z">
          <params>
            <param index="0">
              <value>
                <![CDATA[[TestResult name=loginTest status=FAILURE method=LogIntoKohlsTest.loginTest(java.lang.Object, java.lang.Object)[pri:0, instance:dataDriven.kohls.LogIntoKohlsTest@e25b2fe] output={null}]]]>
              </value>
            </param>
          </params>
          <reporter-output>
          </reporter-output>
        </test-method> <!-- tearDown -->
        <test-method status="FAIL" signature="loginTest(java.lang.Object, java.lang.Object)[pri:0, instance:dataDriven.kohls.LogIntoKohlsTest@e25b2fe]" name="loginTest" duration-ms="3" started-at="2020-06-18T04:58:14Z" data-provider="login" finished-at="2020-06-18T04:58:14Z">
          <params>
            <param index="0">
              <value is-null="true"/>
            </param>
            <param index="1">
              <value is-null="true"/>
            </param>
          </params>
          <exception class="java.lang.NullPointerException">
            <full-stacktrace>
              <![CDATA[java.lang.NullPointerException
at dataDriven.kohls.LogIntoKohlsTest.loginTest(LogIntoKohlsTest.java:27)
at sun.reflect.NativeMethodAccessorImpl.invoke0(Native Method)
at sun.reflect.NativeMethodAccessorImpl.invoke(NativeMethodAccessorImpl.java:62)
at sun.reflect.DelegatingMethodAccessorImpl.invoke(DelegatingMethodAccessorImpl.java:43)
at java.lang.reflect.Method.invoke(Method.java:498)
at org.testng.internal.MethodInvocationHelper.invokeMethod(MethodInvocationHelper.java:124)
at org.testng.internal.Invoker.invokeMethod(Invoker.java:583)
at org.testng.internal.Invoker.invokeTestMethod(Invoker.java:719)
at org.testng.internal.Invoker.invokeTestMethods(Invoker.java:989)
at org.testng.internal.TestMethodWorker.invokeTestMethods(TestMethodWorker.java:125)
at org.testng.internal.TestMethodWorker.run(TestMethodWorker.java:109)
at org.testng.TestRunner.privateRun(TestRunner.java:648)
at org.testng.TestRunner.run(TestRunner.java:505)
at org.testng.SuiteRunner.runTest(SuiteRunner.java:455)
at org.testng.SuiteRunner.runSequentially(SuiteRunner.java:450)
at org.testng.SuiteRunner.privateRun(SuiteRunner.java:415)
at org.testng.SuiteRunner.run(SuiteRunner.java:364)
at org.testng.SuiteRunnerWorker.runSuite(SuiteRunnerWorker.java:52)
at org.testng.SuiteRunnerWorker.run(SuiteRunnerWorker.java:84)
at org.testng.TestNG.runSuitesSequentially(TestNG.java:1208)
at org.testng.TestNG.runSuitesLocally(TestNG.java:1137)
at org.testng.TestNG.runSuites(TestNG.java:1049)
at org.testng.TestNG.run(TestNG.java:1017)
at org.testng.remote.AbstractRemoteTestNG.run(AbstractRemoteTestNG.java:115)
at org.testng.remote.RemoteTestNG.initAndRun(RemoteTestNG.java:251)
at org.testng.remote.RemoteTestNG.main(RemoteTestNG.java:77)
]]>
            </full-stacktrace>
          </exception> <!-- java.lang.NullPointerException -->
          <reporter-output>
          </reporter-output>
        </test-method> <!-- loginTest -->
        <test-method status="PASS" signature="getWebSite()[pri:0, instance:dataDriven.kohls.LogIntoKohlsTest@e25b2fe]" name="getWebSite" is-config="true" duration-ms="0" started-at="2020-06-18T04:58:14Z" finished-at="2020-06-18T04:58:14Z">
          <reporter-output>
          </reporter-output>
        </test-method> <!-- getWebSite -->
        <test-method status="PASS" signature="tearDown(org.testng.ITestResult)[pri:0, instance:dataDriven.kohls.LogIntoKohlsTest@e25b2fe]" name="tearDown" is-config="true" duration-ms="689" started-at="2020-06-18T04:58:14Z" finished-at="2020-06-18T04:58:15Z">
          <params>
            <param index="0">
              <value>
                <![CDATA[[TestResult name=loginTest status=FAILURE method=LogIntoKohlsTest.loginTest(java.lang.Object, java.lang.Object)[pri:0, instance:dataDriven.kohls.LogIntoKohlsTest@e25b2fe] output={null}]]]>
              </value>
            </param>
          </params>
          <reporter-output>
          </reporter-output>
        </test-method> <!-- tearDown -->
        <test-method status="PASS" signature="testDown()[pri:0, instance:dataDriven.kohls.LogIntoKohlsTest@e25b2fe]" name="testDown" is-config="true" duration-ms="3300" started-at="2020-06-18T04:58:15Z" finished-at="2020-06-18T04:58:18Z">
          <reporter-output>
          </reporter-output>
        </test-method> <!-- testDown -->
        <test-method status="PASS" signature="endReport()[pri:0, instance:dataDriven.kohls.LogIntoKohlsTest@e25b2fe]" name="endReport" is-config="true" duration-ms="384" started-at="2020-06-18T04:58:18Z" finished-at="2020-06-18T04:58:19Z">
          <reporter-output>
          </reporter-output>
        </test-method> <!-- endReport -->
      </class> <!-- dataDriven.kohls.LogIntoKohlsTest -->
    </test> <!-- Default test -->
  </suite> <!-- Default suite -->
</testng-results>
