<?xml version="1.0" encoding="UTF-8"?>
<testng-results skipped="0" failed="0" ignored="0" total="2" passed="2">
  <reporter-output>
  </reporter-output>
  <suite name="Default suite" duration-ms="50" started-at="2020-06-29T04:30:01Z" finished-at="2020-06-29T04:30:01Z">
    <groups>
    </groups>
    <test name="Default test" duration-ms="50" started-at="2020-06-29T04:30:01Z" finished-at="2020-06-29T04:30:01Z">
      <class name="letsCodeIt.Practice.SmokeTest">
        <test-method status="PASS" signature="brokenLinkTest()[pri:0, instance:letsCodeIt.Practice.SmokeTest@1bce4f0a]" name="brokenLinkTest" duration-ms="10" started-at="2020-06-29T04:30:01Z" finished-at="2020-06-29T04:30:01Z">
          <reporter-output>
          </reporter-output>
        </test-method> <!-- brokenLinkTest -->
        <test-method status="PASS" signature="logOutTest()[pri:0, instance:letsCodeIt.Practice.SmokeTest@1bce4f0a]" name="logOutTest" duration-ms="3" started-at="2020-06-29T04:30:01Z" finished-at="2020-06-29T04:30:01Z">
          <reporter-output>
          </reporter-output>
        </test-method> <!-- logOutTest -->
      </class> <!-- letsCodeIt.Practice.SmokeTest -->
    </test> <!-- Default test -->
  </suite> <!-- Default suite -->
</testng-results>
