<?xml version="1.0" encoding="UTF-8"?>
<!-- Generated by org.testng.reporters.JUnitXMLReporter -->
<testsuite hostname="Mds-MacBook-Pro.home" ignored="0" name="common" tests="3" failures="0" timestamp="16 Jun 2020 21:19:56 GMT" time="28.446" errors="0">
  <testcase name="logIntest01" time="4.707" classname="testUnit.SmokeTest"/>
  <testcase name="logIntest" time="14.168" classname="testUnit.SmokeTest"/>
  <testcase name="logIntest02" time="25.134" classname="testUnit.SmokeTest"/>
</testsuite> <!-- common -->
