<?xml version="1.0" encoding="UTF-8"?>
<!-- Generated by org.testng.reporters.JUnitXMLReporter -->
<testsuite hostname="Mds-MacBook-Pro.home" ignored="1" name="mac" tests="2" failures="0" timestamp="16 Jun 2020 21:13:06 GMT" time="12.016" errors="0">
  <testcase name="logIntest01" time="4.482" classname="testUnit.SmokeTest"/>
  <testcase name="logIntest02" time="10.397" classname="testUnit.SmokeTest"/>
  <testcase name="logIntest" time="0.0" classname="testUnit.SmokeTest">
    <ignored/>
  </testcase> <!-- logIntest -->
</testsuite> <!-- mac -->
