<?xml version="1.0" encoding="UTF-8"?>
<!-- Generated by org.testng.reporters.JUnitXMLReporter -->
<testsuite hostname="Mds-MacBook-Pro.home" ignored="0" name="common" tests="3" failures="0" timestamp="16 Jun 2020 21:52:01 GMT" time="20.089" errors="0">
  <testcase name="logIntest01" time="7.675" classname="testUnit.SmokeTest"/>
  <testcase name="logIntest" time="14.004" classname="testUnit.SmokeTest"/>
  <testcase name="logIntest02" time="17.151" classname="testUnit.SmokeTest"/>
</testsuite> <!-- common -->
